


          SolidWorks Corporation - STEP Processor Error Log
          ______________________________________________________

                       STEP Post Processor
                       ___________________


STEP File Name: C:\Users\Public\Documents\Altium\AD17\Examples\Bluetooth Sentinel\Bluetooth_Sentinel1.step


Surfaces successfully processed into a solid body.
STEP-in completed.Surfaces successfully processed into a solid body.
STEP-in completed.Surfaces successfully processed into a solid body.
STEP-in completed.
Error: Unable to create solid from trimmed surfaces.
STEP-in did not complete successfully.
Surfaces successfully processed into a solid body.
STEP-in completed.
Error: Unable to create solid from trimmed surfaces.
STEP-in did not complete successfully.
Surfaces successfully processed into a solid body.
STEP-in completed.Surfaces successfully processed into a solid body.
STEP-in completed.Surfaces successfully processed into a solid body.
STEP-in completed.
Error: Unable to create solid from trimmed surfaces.
STEP-in did not complete successfully.
Surfaces successfully processed into a solid body.
STEP-in completed.Surfaces successfully processed into a solid body.
STEP-in completed.Surfaces successfully processed into a solid body.
STEP-in completed.Surfaces successfully processed into a solid body.
STEP-in completed.Surfaces successfully processed into a solid body.
STEP-in completed.Surfaces successfully processed into a solid body.
STEP-in completed.Surfaces successfully processed into a solid body.
STEP-in completed.Surfaces successfully processed into a solid body.
STEP-in completed.Surfaces successfully processed into a solid body.
STEP-in completed.Surfaces successfully processed into a solid body.
STEP-in completed.WARNING: Surface problem...Loops of curves have inconsistent directions.
WARNING: Surface problem...Loops of curves have inconsistent directions.
WARNING: Surface problem...Loops of curves have inconsistent directions.
WARNING: Surface problem...Loops of curves have inconsistent directions.
WARNING: Surface problem...Loops of curves have inconsistent directions.
WARNING: Surface problem...Loops of curves have inconsistent directions.
WARNING: Surface problem...Loops of curves have inconsistent directions.
WARNING: Surface problem...Loops of curves have inconsistent directions.
WARNING: Surface problem...Loops of curves have inconsistent directions.
WARNING: Surface problem...Loops of curves have inconsistent directions.
WARNING: Surface problem...Loops of curves have inconsistent directions.
WARNING: Surface problem...Loops of curves have inconsistent directions.
WARNING: Surface problem...Loops of curves have inconsistent directions.
WARNING: Surface problem...Loops of curves have inconsistent directions.
WARNING: Surface problem...Loops of curves have inconsistent directions.
WARNING: Surface problem...Loops of curves have inconsistent directions.
WARNING: Surface problem...Loops of curves have inconsistent directions.
WARNING: Surface problem...Loops of curves have inconsistent directions.
WARNING: Surface problem...Loops of curves have inconsistent directions.
WARNING: Surface problem...Loops of curves have inconsistent directions.
WARNING: Surface problem...Loops of curves have inconsistent directions.
WARNING: Surface problem...Loops of curves have inconsistent directions.
WARNING: Surface problem...Loops of curves have inconsistent directions.
WARNING: Surface problem...Loops of curves have inconsistent directions.
WARNING: Surface problem...Loops of curves have inconsistent directions.
WARNING: Surface problem...Loops of curves have inconsistent directions.
WARNING: Surface problem...Loops of curves have inconsistent directions.
WARNING: Surface problem...Loops of curves have inconsistent directions.
WARNING: Surface problem...Loops of curves have inconsistent directions.
WARNING: Surface problem...Loops of curves have inconsistent directions.
WARNING: Surface problem...Loops of curves have inconsistent directions.
WARNING: Surface problem...Loops of curves have inconsistent directions.
WARNING: Surface problem...Loops of curves have inconsistent directions.
WARNING: Surface problem...Loops of curves have inconsistent directions.
WARNING: Surface problem...Loops of curves have inconsistent directions.
WARNING: Surface problem...Loops of curves have inconsistent directions.
WARNING: Surface problem...Loops of curves have inconsistent directions.
WARNING: Surface problem...Loops of curves have inconsistent directions.
WARNING: Surface problem...Loops of curves have inconsistent directions.
WARNING: Surface problem...Loops of curves have inconsistent directions.
WARNING: Surface problem...Loops of curves have inconsistent directions.
WARNING: Surface problem...Loops of curves have inconsistent directions.
WARNING: Surface problem...Loops of curves have inconsistent directions.
WARNING: Surface problem...Loops of curves have inconsistent directions.
WARNING: Surface problem...Loops of curves have inconsistent directions.
WARNING: Surface problem...Loops of curves have inconsistent directions.
WARNING: Surface problem...Loops of curves have inconsistent directions.
WARNING: Surface problem...Loops of curves have inconsistent directions.
WARNING: Surface problem...Loops of curves have inconsistent directions.
WARNING: Surface problem...Loops of curves have inconsistent directions.
WARNING: Surface problem...Loops of curves have inconsistent directions.
WARNING: Surface problem...Loops of curves have inconsistent directions.
WARNING: Surface problem...Loops of curves have inconsistent directions.
WARNING: Surface problem...Loops of curves have inconsistent directions.
WARNING: Surface problem...Loops of curves have inconsistent directions.
WARNING: Surface problem...Loops of curves have inconsistent directions.
WARNING: Surface problem...Loops of curves have inconsistent directions.
WARNING: Surface problem...Loops of curves have inconsistent directions.
WARNING: Surface problem...Loops of curves have inconsistent directions.
WARNING: Surface problem...Loops of curves have inconsistent directions.
WARNING: Surface problem...Loops of curves have inconsistent directions.
WARNING: Surface problem...Loops of curves have inconsistent directions.
WARNING: Surface problem...Loops of curves have inconsistent directions.
WARNING: Surface problem...Loops of curves have inconsistent directions.
WARNING: Surface problem...Loops of curves have inconsistent directions.
WARNING: Surface problem...Loops of curves have inconsistent directions.
WARNING: Surface problem...Loops of curves have inconsistent directions.
WARNING: Surface problem...Loops of curves have inconsistent directions.
WARNING: Surface problem...Loops of curves have inconsistent directions.
WARNING: Surface problem...Loops of curves have inconsistent directions.
WARNING: Surface problem...Loops of curves have inconsistent directions.
WARNING: Surface problem...Loops of curves have inconsistent directions.
WARNING: Surface problem...Loops of curves have inconsistent directions.
WARNING: Surface problem...Loops of curves have inconsistent directions.
WARNING: Surface problem...Loops of curves have inconsistent directions.
WARNING: Surface problem...Loops of curves have inconsistent directions.
WARNING: Surface problem...Loops of curves have inconsistent directions.
WARNING: Surface problem...Loops of curves have inconsistent directions.
WARNING: Surface problem...Loops of curves have inconsistent directions.
WARNING: Surface problem...Loops of curves have inconsistent directions.
WARNING: Surface problem...Loops of curves have inconsistent directions.
WARNING: Surface problem...Loops of curves have inconsistent directions.
WARNING: Surface problem...Loops of curves have inconsistent directions.
WARNING: Surface problem...Loops of curves have inconsistent directions.
WARNING: Surface problem...Loops of curves have inconsistent directions.
WARNING: Surface problem...Loops of curves have inconsistent directions.
WARNING: Surface problem...Loops of curves have inconsistent directions.
WARNING: Surface problem...Loops of curves have inconsistent directions.
WARNING: Surface problem...Loops of curves have inconsistent directions.
WARNING: Surface problem...Loops of curves have inconsistent directions.
WARNING: Surface problem...Loops of curves have inconsistent directions.
WARNING: Surface problem...Loops of curves have inconsistent directions.
WARNING: Surface problem...Loops of curves have inconsistent directions.
WARNING: Surface problem...Loops of curves have inconsistent directions.
WARNING: Surface problem...Loops of curves have inconsistent directions.
WARNING: Surface problem...Loops of curves have inconsistent directions.
WARNING: Surface problem...Loops of curves have inconsistent directions.
WARNING: Surface problem...Loops of curves have inconsistent directions.
WARNING: Surface problem...Loops of curves have inconsistent directions.
WARNING: Surface problem...Loops of curves have inconsistent directions.
WARNING: Surface problem...Loops of curves have inconsistent directions.
WARNING: Surface problem...Loops of curves have inconsistent directions.
WARNING: Surface problem...Loops of curves have inconsistent directions.
WARNING: Surface problem...Loops of curves have inconsistent directions.
WARNING: Surface problem...Loops of curves have inconsistent directions.
WARNING: Surface problem...Loops of curves have inconsistent directions.
WARNING: Surface problem...Loops of curves have inconsistent directions.
WARNING: Surface problem...Loops of curves have inconsistent directions.
WARNING: Surface problem...Loops of curves have inconsistent directions.
WARNING: Surface problem...Loops of curves have inconsistent directions.
WARNING: Surface problem...Loops of curves have inconsistent directions.
WARNING: Surface problem...Loops of curves have inconsistent directions.
WARNING: Surface problem...Loops of curves have inconsistent directions.
WARNING: Surface problem...Loops of curves have inconsistent directions.
WARNING: Surface problem...Loops of curves have inconsistent directions.
WARNING: Surface problem...Loops of curves have inconsistent directions.
WARNING: Surface problem...Loops of curves have inconsistent directions.
WARNING: Surface problem...Loops of curves have inconsistent directions.
WARNING: Surface problem...Loops of curves have inconsistent directions.
WARNING: Surface problem...Loops of curves have inconsistent directions.
WARNING: Surface problem...Loops of curves have inconsistent directions.
WARNING: Surface problem...Loops of curves have inconsistent directions.
WARNING: Surface problem...Loops of curves have inconsistent directions.
WARNING: Surface problem...Loops of curves have inconsistent directions.
WARNING: Surface problem...Loops of curves have inconsistent directions.
WARNING: Surface problem...Loops of curves have inconsistent directions.
WARNING: Surface problem...Loops of curves have inconsistent directions.
WARNING: Surface problem...Loops of curves have inconsistent directions.
WARNING: Surface problem...Loops of curves have inconsistent directions.
WARNING: Surface problem...Loops of curves have inconsistent directions.
WARNING: Surface problem...Loops of curves have inconsistent directions.
WARNING: Surface problem...Loops of curves have inconsistent directions.
WARNING: Surface problem...Loops of curves have inconsistent directions.
WARNING: Surface problem...Loops of curves have inconsistent directions.
WARNING: Surface problem...Loops of curves have inconsistent directions.
WARNING: Surface problem...Loops of curves have inconsistent directions.
WARNING: Surface problem...Loops of curves have inconsistent directions.
WARNING: Surface problem...Loops of curves have inconsistent directions.
WARNING: Surface problem...Loops of curves have inconsistent directions.
WARNING: Surface problem...Loops of curves have inconsistent directions.
WARNING: Surface problem...Loops of curves have inconsistent directions.
WARNING: Surface problem...Loops of curves have inconsistent directions.
WARNING: Surface problem...Loops of curves have inconsistent directions.
WARNING: Surface problem...Loops of curves have inconsistent directions.
WARNING: Surface problem...Loops of curves have inconsistent directions.
WARNING: Surface problem...Loops of curves have inconsistent directions.
WARNING: Surface problem...Loops of curves have inconsistent directions.
WARNING: Surface problem...Loops of curves have inconsistent directions.
WARNING: Surface problem...Loops of curves have inconsistent directions.
WARNING: Surface problem...Loops of curves have inconsistent directions.
WARNING: Surface problem...Loops of curves have inconsistent directions.
WARNING: Surface problem...Loops of curves have inconsistent directions.
WARNING: Surface problem...Loops of curves have inconsistent directions.
WARNING: Surface problem...Loops of curves have inconsistent directions.
WARNING: Surface problem...Loops of curves have inconsistent directions.
WARNING: Surface problem...Loops of curves have inconsistent directions.
WARNING: Surface problem...Loops of curves have inconsistent directions.
WARNING: Surface problem...Loops of curves have inconsistent directions.
WARNING: Surface problem...Loops of curves have inconsistent directions.
WARNING: Surface problem...Loops of curves have inconsistent directions.
WARNING: Surface problem...Loops of curves have inconsistent directions.
WARNING: Surface problem...Loops of curves have inconsistent directions.
WARNING: Surface problem...Loops of curves have inconsistent directions.
WARNING: Surface problem...Loops of curves have inconsistent directions.
WARNING: Surface problem...Loops of curves have inconsistent directions.
WARNING: Surface problem...Loops of curves have inconsistent directions.
WARNING: Surface problem...Loops of curves have inconsistent directions.
WARNING: Surface problem...Loops of curves have inconsistent directions.
WARNING: Surface problem...Loops of curves have inconsistent directions.
WARNING: Surface problem...Loops of curves have inconsistent directions.
WARNING: Surface problem...Loops of curves have inconsistent directions.
WARNING: Surface problem...Loops of curves have inconsistent directions.
WARNING: Surface problem...Loops of curves have inconsistent directions.
WARNING: Surface problem...Loops of curves have inconsistent directions.
WARNING: Surface problem...Loops of curves have inconsistent directions.
WARNING: Surface problem...Loops of curves have inconsistent directions.
WARNING: Surface problem...Loops of curves have inconsistent directions.
WARNING: Surface problem...Loops of curves have inconsistent directions.
WARNING: Surface problem...Loops of curves have inconsistent directions.
WARNING: Surface problem...Loops of curves have inconsistent directions.
WARNING: Surface problem...Loops of curves have inconsistent directions.
WARNING: Surface problem...Loops of curves have inconsistent directions.
WARNING: Surface problem...Loops of curves have inconsistent directions.
WARNING: Surface problem...Loops of curves have inconsistent directions.
WARNING: Surface problem...Loops of curves have inconsistent directions.
WARNING: Surface problem...Loops of curves have inconsistent directions.
WARNING: Surface problem...Loops of curves have inconsistent directions.
WARNING: Surface problem...Loops of curves have inconsistent directions.
WARNING: Surface problem...Loops of curves have inconsistent directions.
WARNING: Surface problem...Loops of curves have inconsistent directions.
WARNING: Surface problem...Loops of curves have inconsistent directions.
WARNING: Surface problem...Loops of curves have inconsistent directions.
WARNING: Surface problem...Loops of curves have inconsistent directions.
WARNING: Surface problem...Loops of curves have inconsistent directions.
WARNING: Surface problem...Loops of curves have inconsistent directions.
WARNING: Surface problem...Loops of curves have inconsistent directions.
WARNING: Surface problem...Loops of curves have inconsistent directions.
WARNING: Surface problem...Loops of curves have inconsistent directions.
WARNING: Surface problem...Loops of curves have inconsistent directions.
WARNING: Surface problem...Loops of curves have inconsistent directions.
WARNING: Surface problem...Loops of curves have inconsistent directions.
WARNING: Surface problem...Loops of curves have inconsistent directions.
WARNING: Surface problem...Loops of curves have inconsistent directions.
WARNING: Surface problem...Loops of curves have inconsistent directions.
WARNING: Surface problem...Loops of curves have inconsistent directions.
WARNING: Surface problem...Loops of curves have inconsistent directions.
WARNING: Surface problem...Loops of curves have inconsistent directions.
WARNING: Surface problem...Loops of curves have inconsistent directions.
WARNING: Surface problem...Loops of curves have inconsistent directions.
WARNING: Surface problem...Loops of curves have inconsistent directions.
WARNING: Surface problem...Loops of curves have inconsistent directions.
WARNING: Surface problem...Loops of curves have inconsistent directions.
WARNING: Surface problem...Loops of curves have inconsistent directions.
WARNING: Surface problem...Loops of curves have inconsistent directions.
WARNING: Surface problem...Loops of curves have inconsistent directions.
WARNING: Surface problem...Loops of curves have inconsistent directions.
WARNING: Surface problem...Loops of curves have inconsistent directions.
WARNING: Surface problem...Loops of curves have inconsistent directions.
WARNING: Surface problem...Loops of curves have inconsistent directions.
WARNING: Surface problem...Loops of curves have inconsistent directions.
WARNING: Surface problem...Loops of curves have inconsistent directions.
WARNING: Surface problem...Loops of curves have inconsistent directions.
WARNING: Surface problem...Loops of curves have inconsistent directions.
WARNING: Surface problem...Loops of curves have inconsistent directions.
WARNING: Surface problem...Loops of curves have inconsistent directions.
WARNING: Surface problem...Loops of curves have inconsistent directions.
WARNING: Surface problem...Loops of curves have inconsistent directions.
WARNING: Surface problem...Loops of curves have inconsistent directions.
WARNING: Surface problem...Loops of curves have inconsistent directions.
WARNING: Surface problem...Loops of curves have inconsistent directions.
WARNING: Surface problem...Loops of curves have inconsistent directions.
WARNING: Surface problem...Loops of curves have inconsistent directions.
WARNING: Surface problem...Loops of curves have inconsistent directions.
WARNING: Surface problem...Loops of curves have inconsistent directions.
WARNING: Surface problem...Loops of curves have inconsistent directions.
WARNING: Surface problem...Loops of curves have inconsistent directions.
WARNING: Surface problem...Loops of curves have inconsistent directions.
WARNING: Surface problem...Loops of curves have inconsistent directions.
WARNING: Surface problem...Loops of curves have inconsistent directions.
WARNING: Surface problem...Loops of curves have inconsistent directions.
WARNING: Surface problem...Loops of curves have inconsistent directions.
WARNING: Surface problem...Loops of curves have inconsistent directions.
WARNING: Surface problem...Loops of curves have inconsistent directions.
WARNING: Surface problem...Loops of curves have inconsistent directions.
WARNING: Surface problem...Loops of curves have inconsistent directions.
WARNING: Surface problem...Loops of curves have inconsistent directions.
WARNING: Surface problem...Loops of curves have inconsistent directions.
WARNING: Surface problem...Loops of curves have inconsistent directions.
WARNING: Surface problem...Loops of curves have inconsistent directions.
WARNING: Surface problem...Loops of curves have inconsistent directions.
WARNING: Surface problem...Loops of curves have inconsistent directions.
WARNING: Surface problem...Loops of curves have inconsistent directions.
WARNING: Surface problem...Loops of curves have inconsistent directions.
WARNING: Surface problem...Loops of curves have inconsistent directions.
WARNING: Surface problem...Loops of curves have inconsistent directions.
WARNING: Surface problem...Loops of curves have inconsistent directions.
WARNING: Surface problem...Loops of curves have inconsistent directions.
WARNING: Surface problem...Loops of curves have inconsistent directions.
WARNING: Surface problem...Loops of curves have inconsistent directions.
WARNING: Surface problem...Loops of curves have inconsistent directions.
WARNING: Surface problem...Loops of curves have inconsistent directions.
WARNING: Surface problem...Loops of curves have inconsistent directions.
WARNING: Surface problem...Loops of curves have inconsistent directions.
WARNING: Surface problem...Loops of curves have inconsistent directions.
WARNING: Surface problem...Loops of curves have inconsistent directions.
WARNING: Surface problem...Loops of curves have inconsistent directions.
WARNING: Surface problem...Loops of curves have inconsistent directions.
WARNING: Surface problem...Loops of curves have inconsistent directions.
WARNING: Surface problem...Loops of curves have inconsistent directions.
WARNING: Surface problem...Loops of curves have inconsistent directions.
WARNING: Surface problem...Loops of curves have inconsistent directions.
WARNING: Surface problem...Loops of curves have inconsistent directions.
WARNING: Surface problem...Loops of curves have inconsistent directions.
WARNING: Surface problem...Loops of curves have inconsistent directions.
WARNING: Surface problem...Loops of curves have inconsistent directions.
WARNING: Surface problem...Loops of curves have inconsistent directions.
WARNING: Surface problem...Loops of curves have inconsistent directions.
WARNING: Surface problem...Loops of curves have inconsistent directions.
WARNING: Surface problem...Loops of curves have inconsistent directions.
WARNING: Surface problem...Loops of curves have inconsistent directions.
WARNING: Surface problem...Loops of curves have inconsistent directions.
WARNING: Surface problem...Loops of curves have inconsistent directions.
WARNING: Surface problem...Loops of curves have inconsistent directions.
WARNING: Surface problem...Loops of curves have inconsistent directions.
WARNING: Surface problem...Loops of curves have inconsistent directions.
WARNING: Surface problem...Loops of curves have inconsistent directions.
WARNING: Surface problem...Loops of curves have inconsistent directions.
WARNING: Surface problem...Loops of curves have inconsistent directions.
WARNING: Surface problem...Loops of curves have inconsistent directions.
WARNING: Surface problem...Loops of curves have inconsistent directions.
WARNING: Surface problem...Loops of curves have inconsistent directions.
WARNING: Surface problem...Loops of curves have inconsistent directions.
WARNING: Surface problem...Loops of curves have inconsistent directions.
WARNING: Surface problem...Loops of curves have inconsistent directions.
WARNING: Surface problem...Loops of curves have inconsistent directions.
WARNING: Surface problem...Loops of curves have inconsistent directions.
WARNING: Surface problem...Loops of curves have inconsistent directions.
WARNING: Surface problem...Loops of curves have inconsistent directions.
WARNING: Surface problem...Loops of curves have inconsistent directions.
WARNING: Surface problem...Loops of curves have inconsistent directions.
WARNING: Surface problem...Loops of curves have inconsistent directions.
WARNING: Surface problem...Loops of curves have inconsistent directions.
WARNING: Surface problem...Loops of curves have inconsistent directions.
WARNING: Surface problem...Loops of curves have inconsistent directions.
WARNING: Surface problem...Loops of curves have inconsistent directions.
WARNING: Surface problem...Loops of curves have inconsistent directions.
WARNING: Surface problem...Loops of curves have inconsistent directions.
WARNING: Surface problem...Loops of curves have inconsistent directions.
WARNING: Surface problem...Loops of curves have inconsistent directions.
WARNING: Surface problem...Loops of curves have inconsistent directions.
WARNING: Surface problem...Loops of curves have inconsistent directions.
WARNING: Surface problem...Loops of curves have inconsistent directions.
WARNING: Surface problem...Loops of curves have inconsistent directions.
WARNING: Surface problem...Loops of curves have inconsistent directions.
WARNING: Surface problem...Loops of curves have inconsistent directions.
WARNING: Surface problem...Loops of curves have inconsistent directions.
WARNING: Surface problem...Loops of curves have inconsistent directions.
WARNING: Surface problem...Loops of curves have inconsistent directions.
WARNING: Surface problem...Loops of curves have inconsistent directions.
WARNING: Surface problem...Loops of curves have inconsistent directions.
WARNING: Surface problem...Loops of curves have inconsistent directions.
WARNING: Surface problem...Loops of curves have inconsistent directions.
WARNING: Surface problem...Loops of curves have inconsistent directions.
WARNING: Surface problem...Loops of curves have inconsistent directions.
WARNING: Surface problem...Loops of curves have inconsistent directions.
WARNING: Surface problem...Loops of curves have inconsistent directions.
WARNING: Surface problem...Loops of curves have inconsistent directions.
WARNING: Surface problem...Loops of curves have inconsistent directions.
WARNING: Surface problem...Loops of curves have inconsistent directions.
WARNING: Surface problem...Loops of curves have inconsistent directions.
WARNING: Surface problem...Loops of curves have inconsistent directions.
WARNING: Surface problem...Loops of curves have inconsistent directions.
WARNING: Surface problem...Loops of curves have inconsistent directions.
WARNING: Surface problem...Loops of curves have inconsistent directions.
WARNING: Surface problem...Loops of curves have inconsistent directions.
WARNING: Surface problem...Loops of curves have inconsistent directions.
WARNING: Surface problem...Loops of curves have inconsistent directions.
WARNING: Surface problem...Loops of curves have inconsistent directions.
WARNING: Surface problem...Loops of curves have inconsistent directions.
WARNING: Surface problem...Loops of curves have inconsistent directions.
WARNING: Surface problem...Loops of curves have inconsistent directions.
WARNING: Surface problem...Loops of curves have inconsistent directions.
WARNING: Surface problem...Loops of curves have inconsistent directions.
WARNING: Surface problem...Loops of curves have inconsistent directions.
WARNING: Surface problem...Loops of curves have inconsistent directions.
WARNING: Surface problem...Loops of curves have inconsistent directions.
WARNING: Surface problem...Loops of curves have inconsistent directions.
WARNING: Surface problem...Loops of curves have inconsistent directions.
WARNING: Surface problem...Loops of curves have inconsistent directions.
WARNING: Surface problem...Loops of curves have inconsistent directions.
WARNING: Surface problem...Loops of curves have inconsistent directions.
WARNING: Surface problem...Loops of curves have inconsistent directions.
WARNING: Surface problem...Loops of curves have inconsistent directions.
WARNING: Surface problem...Loops of curves have inconsistent directions.
WARNING: Surface problem...Loops of curves have inconsistent directions.
WARNING: Surface problem...Loops of curves have inconsistent directions.
WARNING: Surface problem...Loops of curves have inconsistent directions.
WARNING: Surface problem...Loops of curves have inconsistent directions.
WARNING: Surface problem...Loops of curves have inconsistent directions.
WARNING: Surface problem...Loops of curves have inconsistent directions.
WARNING: Surface problem...Loops of curves have inconsistent directions.
WARNING: Surface problem...Loops of curves have inconsistent directions.
WARNING: Surface problem...Loops of curves have inconsistent directions.
WARNING: Surface problem...Loops of curves have inconsistent directions.
WARNING: Surface problem...Loops of curves have inconsistent directions.
WARNING: Surface problem...Loops of curves have inconsistent directions.
Surfaces successfully processed into a solid body.
STEP-in completed.